SF:lib/blocs/cart/cubit/cart_state.dart
DA:16,1
DA:24,1
DA:25,1
DA:28,1
DA:34,1
DA:36,6
DA:38,1
DA:41,1
DA:48,1
DA:49,1
DA:50,1
DA:51,1
DA:52,1
DA:53,1
LF:14
LH:14
end_of_record
SF:lib/blocs/cart/cubit/cart_cubit.dart
DA:10,3
DA:12,1
DA:13,2
DA:14,1
DA:15,1
DA:16,1
DA:17,1
DA:18,2
DA:19,1
DA:22,3
DA:25,1
DA:26,3
DA:27,3
DA:28,1
DA:29,0
DA:30,0
DA:31,0
DA:33,0
DA:35,0
DA:40,3
DA:41,3
DA:43,6
DA:45,1
DA:49,0
DA:50,0
DA:51,0
DA:52,0
DA:53,0
DA:54,0
DA:57,0
DA:62,0
DA:65,0
DA:66,0
DA:68,0
DA:72,0
DA:73,0
DA:75,0
DA:76,0
DA:77,0
DA:78,0
DA:80,0
DA:81,0
DA:86,0
DA:87,0
DA:88,0
DA:89,0
DA:90,0
DA:94,0
DA:95,0
DA:96,0
DA:97,0
DA:98,0
DA:102,0
DA:103,0
DA:104,0
DA:106,0
DA:107,0
LF:57
LH:18
end_of_record
SF:lib/models/cart_product.dart
DA:15,1
DA:27,1
DA:29,1
DA:30,1
DA:31,1
DA:32,1
DA:33,1
DA:34,1
DA:35,1
DA:36,1
DA:37,1
DA:41,1
DA:42,1
DA:54,1
DA:65,1
DA:66,0
DA:67,0
DA:68,0
DA:69,1
DA:70,0
DA:71,0
DA:72,1
DA:73,1
DA:74,0
DA:78,1
LF:25
LH:19
end_of_record
SF:lib/models/custom_error.dart
DA:9,2
DA:15,1
DA:16,4
DA:18,1
DA:21,0
DA:26,0
DA:27,0
DA:28,0
DA:29,0
LF:9
LH:4
end_of_record
SF:lib/models/products.dart
DA:16,1
DA:30,0
DA:31,0
DA:32,0
DA:33,0
DA:34,0
DA:35,0
DA:36,0
DA:37,0
DA:38,0
DA:39,0
DA:40,0
DA:41,0
DA:42,0
DA:45,0
DA:46,0
DA:47,0
DA:48,0
DA:49,0
DA:50,0
DA:51,0
DA:52,0
DA:53,0
DA:54,0
DA:55,0
DA:56,0
DA:57,0
DA:61,0
DA:63,0
DA:64,0
DA:65,0
DA:66,0
DA:67,0
DA:68,0
DA:69,0
DA:70,0
DA:71,0
DA:72,0
DA:73,0
DA:74,0
DA:78,0
DA:90,0
DA:91,0
DA:92,0
DA:93,0
DA:94,0
DA:95,0
DA:96,0
DA:97,0
DA:98,0
DA:99,0
DA:100,0
DA:101,0
DA:105,0
LF:54
LH:1
end_of_record
